[2011-12-31 17:02:24] request.ERROR: Symfony\Component\HttpKernel\Exception\NotFoundHttpException: No route found for "GET /" (uncaught exception) at /home/sfprojects/collabs/vendor/symfony/src/Symfony/Bundle/FrameworkBundle/EventListener/RouterListener.php line 83 [] []
[2011-12-31 19:19:29] request.ERROR: Symfony\Component\HttpKernel\Exception\NotFoundHttpException: No route found for "GET /" (uncaught exception) at /home/sfprojects/collabs/vendor/symfony/src/Symfony/Bundle/FrameworkBundle/EventListener/RouterListener.php line 83 [] []
[2011-12-31 19:20:07] request.ERROR: Symfony\Component\HttpKernel\Exception\NotFoundHttpException: No route found for "GET /" (uncaught exception) at /home/sfprojects/collabs/app/cache/prod/classes.php line 4560 [] []
[2011-12-31 19:20:31] request.ERROR: Symfony\Component\HttpKernel\Exception\NotFoundHttpException: No route found for "GET /" (uncaught exception) at /home/sfprojects/collabs/app/cache/prod/classes.php line 4560 [] []
[2011-12-31 19:21:35] request.ERROR: Symfony\Component\HttpKernel\Exception\NotFoundHttpException: No route found for "GET /a" (uncaught exception) at /home/sfprojects/collabs/app/cache/prod/classes.php line 4560 [] []
[2011-12-31 19:51:09] request.ERROR: Symfony\Component\HttpKernel\Exception\NotFoundHttpException: No route found for "GET /a" (uncaught exception) at /home/sfprojects/collabs/app/cache/prod/classes.php line 4560 [] []
[2011-12-31 19:52:14] request.ERROR: Symfony\Component\HttpKernel\Exception\NotFoundHttpException: No route found for "GET /a" (uncaught exception) at /home/sfprojects/collabs/app/cache/prod/classes.php line 4560 [] []
[2011-12-31 19:52:14] request.ERROR: Symfony\Component\HttpKernel\Exception\NotFoundHttpException: No route found for "GET /a" (uncaught exception) at /home/sfprojects/collabs/app/cache/prod/classes.php line 4560 [] []
[2011-12-31 19:52:17] request.ERROR: Symfony\Component\HttpKernel\Exception\NotFoundHttpException: No route found for "GET /" (uncaught exception) at /home/sfprojects/collabs/app/cache/prod/classes.php line 4560 [] []
[2011-12-31 19:52:19] request.ERROR: Symfony\Component\HttpKernel\Exception\NotFoundHttpException: No route found for "GET /" (uncaught exception) at /home/sfprojects/collabs/app/cache/prod/classes.php line 4560 [] []
[2011-12-31 19:52:52] request.ERROR: Symfony\Component\HttpKernel\Exception\NotFoundHttpException: No route found for "GET /" (uncaught exception) at /home/sfprojects/collabs/app/cache/prod/classes.php line 4560 [] []
[2011-12-31 19:55:21] request.ERROR: Symfony\Component\HttpKernel\Exception\NotFoundHttpException: No route found for "GET /h" (uncaught exception) at /home/sfprojects/collabs/app/cache/prod/classes.php line 4560 [] []
[2011-12-31 19:55:25] request.ERROR: Symfony\Component\HttpKernel\Exception\NotFoundHttpException: No route found for "GET /" (uncaught exception) at /home/sfprojects/collabs/app/cache/prod/classes.php line 4560 [] []
[2011-12-31 19:55:52] request.ERROR: Symfony\Component\HttpKernel\Exception\NotFoundHttpException: No route found for "GET /" (uncaught exception) at /home/sfprojects/collabs/app/cache/prod/classes.php line 4560 [] []
[2011-12-31 19:55:52] request.ERROR: Symfony\Component\HttpKernel\Exception\NotFoundHttpException: No route found for "GET /" (uncaught exception) at /home/sfprojects/collabs/app/cache/prod/classes.php line 4560 [] []
[2011-12-31 19:57:38] request.ERROR: Symfony\Component\HttpKernel\Exception\NotFoundHttpException: No route found for "GET /" (uncaught exception) at /home/sfprojects/collabs/app/cache/prod/classes.php line 4560 [] []
[2011-12-31 19:58:07] request.ERROR: Symfony\Component\HttpKernel\Exception\NotFoundHttpException: No route found for "GET /app_prod.php/" (uncaught exception) at /home/sfprojects/collabs/app/cache/prod/classes.php line 4560 [] []
[2011-12-31 19:58:14] request.ERROR: Symfony\Component\HttpKernel\Exception\NotFoundHttpException: No route found for "GET /" (uncaught exception) at /home/sfprojects/collabs/app/cache/prod/classes.php line 4560 [] []
[2011-12-31 19:58:20] request.ERROR: Symfony\Component\HttpKernel\Exception\NotFoundHttpException: No route found for "GET /" (uncaught exception) at /home/sfprojects/collabs/app/cache/prod/classes.php line 4560 [] []
[2011-12-31 19:58:54] request.ERROR: Symfony\Component\HttpKernel\Exception\NotFoundHttpException: No route found for "GET /hello" (uncaught exception) at /home/sfprojects/collabs/app/cache/prod/classes.php line 4560 [] []
[2011-12-31 20:01:39] request.ERROR: Symfony\Component\HttpKernel\Exception\NotFoundHttpException: No route found for "GET /hello" (uncaught exception) at /home/sfprojects/collabs/app/cache/prod/classes.php line 4560 [] []
[2011-12-31 20:02:00] request.ERROR: Symfony\Component\HttpKernel\Exception\NotFoundHttpException: No route found for "GET /" (uncaught exception) at /home/sfprojects/collabs/app/cache/prod/classes.php line 4560 [] []
[2011-12-31 20:02:17] request.ERROR: Symfony\Component\HttpKernel\Exception\NotFoundHttpException: No route found for "GET /" (uncaught exception) at /home/sfprojects/collabs/app/cache/prod/classes.php line 4560 [] []
[2011-12-31 20:02:40] request.ERROR: Symfony\Component\HttpKernel\Exception\NotFoundHttpException: No route found for "GET /" (uncaught exception) at /home/sfprojects/collabs/app/cache/prod/classes.php line 4560 [] []
[2011-12-31 20:12:50] request.ERROR: Symfony\Component\HttpKernel\Exception\NotFoundHttpException: No route found for "GET /app_dev.php" (uncaught exception) at /home/sfprojects/collabs/app/cache/prod/classes.php line 4560 [] []
[2011-12-31 20:13:11] request.ERROR: Symfony\Component\HttpKernel\Exception\NotFoundHttpException: No route found for "GET /app_dev.php/" (uncaught exception) at /home/sfprojects/collabs/app/cache/prod/classes.php line 4560 [] []
[2011-12-31 20:13:52] request.ERROR: Symfony\Component\HttpKernel\Exception\NotFoundHttpException: No route found for "GET /app_dev.php/" (uncaught exception) at /home/sfprojects/collabs/app/cache/prod/classes.php line 4560 [] []
[2011-12-31 20:13:54] request.ERROR: Symfony\Component\HttpKernel\Exception\NotFoundHttpException: No route found for "GET /app_dev.php/" (uncaught exception) at /home/sfprojects/collabs/app/cache/prod/classes.php line 4560 [] []
[2011-12-31 20:18:39] request.ERROR: Symfony\Component\HttpKernel\Exception\NotFoundHttpException: No route found for "GET /collaborator/search" (uncaught exception) at /home/sfprojects/collabs/app/cache/prod/classes.php line 4560 [] []
[2012-01-01 13:40:42] request.CRITICAL: ReflectionException: Class ByteHistory\ConnectionBundle\Entity\User does not exist (uncaught exception) at /home/sfprojects/collabs/vendor/doctrine/lib/Doctrine/ORM/Mapping/ClassMetadata.php line 66 [] []
[2012-01-01 13:40:42] request.CRITICAL: Exception thrown when handling an exception (ReflectionException: Class ByteHistory\ConnectionBundle\Entity\User does not exist) [] []
[2012-01-01 13:40:48] request.CRITICAL: ReflectionException: Class ByteHistory\ConnectionBundle\Entity\User does not exist (uncaught exception) at /home/sfprojects/collabs/vendor/doctrine/lib/Doctrine/ORM/Mapping/ClassMetadata.php line 66 [] []
[2012-01-01 13:40:48] request.CRITICAL: Exception thrown when handling an exception (ReflectionException: Class ByteHistory\ConnectionBundle\Entity\User does not exist) [] []
[2012-01-01 13:41:26] request.CRITICAL: ReflectionException: Class ByteHistory\ConnectionBundle\Entity\User does not exist (uncaught exception) at /home/sfprojects/collabs/vendor/doctrine/lib/Doctrine/ORM/Mapping/ClassMetadata.php line 66 [] []
[2012-01-01 13:41:26] request.CRITICAL: Exception thrown when handling an exception (ReflectionException: Class ByteHistory\ConnectionBundle\Entity\User does not exist) [] []
[2012-01-01 13:41:27] request.CRITICAL: ReflectionException: Class ByteHistory\ConnectionBundle\Entity\User does not exist (uncaught exception) at /home/sfprojects/collabs/vendor/doctrine/lib/Doctrine/ORM/Mapping/ClassMetadata.php line 66 [] []
[2012-01-01 13:41:27] request.CRITICAL: Exception thrown when handling an exception (ReflectionException: Class ByteHistory\ConnectionBundle\Entity\User does not exist) [] []
[2012-01-01 13:41:27] request.CRITICAL: ReflectionException: Class ByteHistory\ConnectionBundle\Entity\User does not exist (uncaught exception) at /home/sfprojects/collabs/vendor/doctrine/lib/Doctrine/ORM/Mapping/ClassMetadata.php line 66 [] []
[2012-01-01 13:41:27] request.CRITICAL: Exception thrown when handling an exception (ReflectionException: Class ByteHistory\ConnectionBundle\Entity\User does not exist) [] []
[2012-01-01 13:41:27] request.CRITICAL: ReflectionException: Class ByteHistory\ConnectionBundle\Entity\User does not exist (uncaught exception) at /home/sfprojects/collabs/vendor/doctrine/lib/Doctrine/ORM/Mapping/ClassMetadata.php line 66 [] []
[2012-01-01 13:41:27] request.CRITICAL: Exception thrown when handling an exception (ReflectionException: Class ByteHistory\ConnectionBundle\Entity\User does not exist) [] []
[2012-01-01 13:41:27] request.CRITICAL: ReflectionException: Class ByteHistory\ConnectionBundle\Entity\User does not exist (uncaught exception) at /home/sfprojects/collabs/vendor/doctrine/lib/Doctrine/ORM/Mapping/ClassMetadata.php line 66 [] []
[2012-01-01 13:41:27] request.CRITICAL: Exception thrown when handling an exception (ReflectionException: Class ByteHistory\ConnectionBundle\Entity\User does not exist) [] []
[2012-01-01 13:41:28] request.CRITICAL: ReflectionException: Class ByteHistory\ConnectionBundle\Entity\User does not exist (uncaught exception) at /home/sfprojects/collabs/vendor/doctrine/lib/Doctrine/ORM/Mapping/ClassMetadata.php line 66 [] []
[2012-01-01 13:41:28] request.CRITICAL: Exception thrown when handling an exception (ReflectionException: Class ByteHistory\ConnectionBundle\Entity\User does not exist) [] []
